# JRE version: Java(TM) SE Runtime Environment (8.0_162-b12) (build 1.8.0_162-b12)
# Java VM: Java HotSpot(TM) 64-Bit Server VM (25.162-b12 mixed mode windows-amd64 compressed oops)
Heap:
 PSYoungGen      total 70656K, used 31427K [0x00000000d5f80000, 0x00000000ddb00000, 0x0000000100000000)
  eden space 65536K, 47% used [0x00000000d5f80000,0x00000000d7e30cd0,0x00000000d9f80000)
  from space 5120K, 0% used [0x00000000d9f80000,0x00000000d9f80000,0x00000000da480000)
  to   space 28160K, 0% used [0x00000000dbf80000,0x00000000dbf80000,0x00000000ddb00000)
 ParOldGen       total 200704K, used 81422K [0x0000000081e00000, 0x000000008e200000, 0x00000000d5f80000)
  object space 200704K, 40% used [0x0000000081e00000,0x0000000086d83858,0x000000008e200000)
 Metaspace       used 28348K, capacity 29335K, committed 29568K, reserved 1075200K
  class space    used 3460K, capacity 3704K, committed 3712K, reserved 1048576K
GC Heap History (10 events):
Event: 1.811 GC heap before
{Heap before GC invocations=3 (full 0):
 PSYoungGen      total 38400K, used 21735K [0x00000000d5f80000, 0x00000000daa80000, 0x0000000100000000)
  eden space 33280K, 49% used [0x00000000d5f80000,0x00000000d6fbe968,0x00000000d8000000)
  from space 5120K, 99% used [0x00000000d8500000,0x00000000d89fb398,0x00000000d8a00000)
  to   space 5120K, 0% used [0x00000000d8000000,0x00000000d8000000,0x00000000d8500000)
 ParOldGen       total 87552K, used 25366K [0x0000000081e00000, 0x0000000087380000, 0x00000000d5f80000)
  object space 87552K, 28% used [0x0000000081e00000,0x00000000836c58d8,0x0000000087380000)
 Metaspace       used 20445K, capacity 21212K, committed 21248K, reserved 1067008K
  class space    used 2846K, capacity 3057K, committed 3072K, reserved 1048576K
Event: 1.817 GC heap after
Heap after GC invocations=3 (full 0):
 PSYoungGen      total 38400K, used 5088K [0x00000000d5f80000, 0x00000000daa80000, 0x0000000100000000)
  eden space 33280K, 0% used [0x00000000d5f80000,0x00000000d5f80000,0x00000000d8000000)
  from space 5120K, 99% used [0x00000000d8000000,0x00000000d84f83c8,0x00000000d8500000)
  to   space 5120K, 0% used [0x00000000da580000,0x00000000da580000,0x00000000daa80000)
 ParOldGen       total 87552K, used 27804K [0x0000000081e00000, 0x0000000087380000, 0x00000000d5f80000)
  object space 87552K, 31% used [0x0000000081e00000,0x0000000083927138,0x0000000087380000)
 Metaspace       used 20445K, capacity 21212K, committed 21248K, reserved 1067008K
  class space    used 2846K, capacity 3057K, committed 3072K, reserved 1048576K
}
Event: 1.817 GC heap before
{Heap before GC invocations=4 (full 1):
 PSYoungGen      total 38400K, used 5088K [0x00000000d5f80000, 0x00000000daa80000, 0x0000000100000000)
  eden space 33280K, 0% used [0x00000000d5f80000,0x00000000d5f80000,0x00000000d8000000)
  from space 5120K, 99% used [0x00000000d8000000,0x00000000d84f83c8,0x00000000d8500000)
  to   space 5120K, 0% used [0x00000000da580000,0x00000000da580000,0x00000000daa80000)
 ParOldGen       total 87552K, used 27804K [0x0000000081e00000, 0x0000000087380000, 0x00000000d5f80000)
  object space 87552K, 31% used [0x0000000081e00000,0x0000000083927138,0x0000000087380000)
 Metaspace       used 20445K, capacity 21212K, committed 21248K, reserved 1067008K
  class space    used 2846K, capacity 3057K, committed 3072K, reserved 1048576K
Event: 1.866 GC heap after
Heap after GC invocations=4 (full 1):
 PSYoungGen      total 38400K, used 0K [0x00000000d5f80000, 0x00000000daa80000, 0x0000000100000000)
  eden space 33280K, 0% used [0x00000000d5f80000,0x00000000d5f80000,0x00000000d8000000)
  from space 5120K, 0% used [0x00000000d8000000,0x00000000d8000000,0x00000000d8500000)
  to   space 5120K, 0% used [0x00000000da580000,0x00000000da580000,0x00000000daa80000)
 ParOldGen       total 111616K, used 32280K [0x0000000081e00000, 0x0000000088b00000, 0x00000000d5f80000)
  object space 111616K, 28% used [0x0000000081e00000,0x0000000083d86368,0x0000000088b00000)
 Metaspace       used 20445K, capacity 21212K, committed 21248K, reserved 1067008K
  class space    used 2846K, capacity 3057K, committed 3072K, reserved 1048576K
}
Event: 3.334 GC heap before
{Heap before GC invocations=5 (full 1):
 PSYoungGen      total 38400K, used 28055K [0x00000000d5f80000, 0x00000000daa80000, 0x0000000100000000)
  eden space 33280K, 84% used [0x00000000d5f80000,0x00000000d7ae5f00,0x00000000d8000000)
  from space 5120K, 0% used [0x00000000d8000000,0x00000000d8000000,0x00000000d8500000)
  to   space 5120K, 0% used [0x00000000da580000,0x00000000da580000,0x00000000daa80000)
 ParOldGen       total 111616K, used 32280K [0x0000000081e00000, 0x0000000088b00000, 0x00000000d5f80000)
  object space 111616K, 28% used [0x0000000081e00000,0x0000000083d86368,0x0000000088b00000)
 Metaspace       used 26600K, capacity 27565K, committed 27648K, reserved 1073152K
  class space    used 3367K, capacity 3581K, committed 3584K, reserved 1048576K
Event: 3.341 GC heap after
Heap after GC invocations=5 (full 1):
 PSYoungGen      total 47616K, used 3802K [0x00000000d5f80000, 0x00000000da980000, 0x0000000100000000)
  eden space 43520K, 0% used [0x00000000d5f80000,0x00000000d5f80000,0x00000000d8a00000)
  from space 4096K, 92% used [0x00000000da580000,0x00000000da936a50,0x00000000da980000)
  to   space 5120K, 0% used [0x00000000d9f80000,0x00000000d9f80000,0x00000000da480000)
 ParOldGen       total 111616K, used 40388K [0x0000000081e00000, 0x0000000088b00000, 0x00000000d5f80000)
  object space 111616K, 36% used [0x0000000081e00000,0x0000000084571378,0x0000000088b00000)
 Metaspace       used 26600K, capacity 27565K, committed 27648K, reserved 1073152K
  class space    used 3367K, capacity 3581K, committed 3584K, reserved 1048576K
}
Event: 3.421 GC heap before
{Heap before GC invocations=6 (full 1):
 PSYoungGen      total 47616K, used 45648K [0x00000000d5f80000, 0x00000000da980000, 0x0000000100000000)
  eden space 43520K, 96% used [0x00000000d5f80000,0x00000000d885d6d0,0x00000000d8a00000)
  from space 4096K, 92% used [0x00000000da580000,0x00000000da936a50,0x00000000da980000)
  to   space 5120K, 0% used [0x00000000d9f80000,0x00000000d9f80000,0x00000000da480000)
 ParOldGen       total 111616K, used 40388K [0x0000000081e00000, 0x0000000088b00000, 0x00000000d5f80000)
  object space 111616K, 36% used [0x0000000081e00000,0x0000000084571378,0x0000000088b00000)
 Metaspace       used 26663K, capacity 27585K, committed 27776K, reserved 1073152K
  class space    used 3374K, capacity 3585K, committed 3712K, reserved 1048576K
Event: 3.433 GC heap after
Heap after GC invocations=6 (full 1):
 PSYoungGen      total 70656K, used 1715K [0x00000000d5f80000, 0x00000000ddb00000, 0x0000000100000000)
  eden space 65536K, 0% used [0x00000000d5f80000,0x00000000d5f80000,0x00000000d9f80000)
  from space 5120K, 33% used [0x00000000d9f80000,0x00000000da12cf18,0x00000000da480000)
  to   space 28160K, 0% used [0x00000000dbf80000,0x00000000dbf80000,0x00000000ddb00000)
 ParOldGen       total 111616K, used 80888K [0x0000000081e00000, 0x0000000088b00000, 0x00000000d5f80000)
  object space 111616K, 72% used [0x0000000081e00000,0x0000000086cfe3c8,0x0000000088b00000)
 Metaspace       used 26663K, capacity 27585K, committed 27776K, reserved 1073152K
  class space    used 3374K, capacity 3585K, committed 3712K, reserved 1048576K
}
Event: 3.433 GC heap before
{Heap before GC invocations=7 (full 2):
 PSYoungGen      total 70656K, used 1715K [0x00000000d5f80000, 0x00000000ddb00000, 0x0000000100000000)
  eden space 65536K, 0% used [0x00000000d5f80000,0x00000000d5f80000,0x00000000d9f80000)
  from space 5120K, 33% used [0x00000000d9f80000,0x00000000da12cf18,0x00000000da480000)
  to   space 28160K, 0% used [0x00000000dbf80000,0x00000000dbf80000,0x00000000ddb00000)
 ParOldGen       total 111616K, used 80888K [0x0000000081e00000, 0x0000000088b00000, 0x00000000d5f80000)
  object space 111616K, 72% used [0x0000000081e00000,0x0000000086cfe3c8,0x0000000088b00000)
 Metaspace       used 26663K, capacity 27585K, committed 27776K, reserved 1073152K
  class space    used 3374K, capacity 3585K, committed 3712K, reserved 1048576K
Event: 3.493 GC heap after
Heap after GC invocations=7 (full 2):
 PSYoungGen      total 70656K, used 0K [0x00000000d5f80000, 0x00000000ddb00000, 0x0000000100000000)
  eden space 65536K, 0% used [0x00000000d5f80000,0x00000000d5f80000,0x00000000d9f80000)
  from space 5120K, 0% used [0x00000000d9f80000,0x00000000d9f80000,0x00000000da480000)
  to   space 28160K, 0% used [0x00000000dbf80000,0x00000000dbf80000,0x00000000ddb00000)
 ParOldGen       total 200704K, used 81422K [0x0000000081e00000, 0x000000008e200000, 0x00000000d5f80000)
  object space 200704K, 40% used [0x0000000081e00000,0x0000000086d83858,0x000000008e200000)
 Metaspace       used 26663K, capacity 27585K, committed 27776K, reserved 1073152K
  class space    used 3374K, capacity 3585K, committed 3712K, reserved 1048576K
}

