# JRE version: Java(TM) SE Runtime Environment (8.0_162-b12) (build 1.8.0_162-b12)
# Java VM: Java HotSpot(TM) 64-Bit Server VM (25.162-b12 mixed mode windows-amd64 compressed oops)
Heap:
 PSYoungGen      total 70656K, used 30978K [0x00000000d5f80000, 0x00000000dd900000, 0x0000000100000000)
  eden space 65536K, 47% used [0x00000000d5f80000,0x00000000d7dc0be0,0x00000000d9f80000)
  from space 5120K, 0% used [0x00000000d9f80000,0x00000000d9f80000,0x00000000da480000)
  to   space 28160K, 0% used [0x00000000dbd80000,0x00000000dbd80000,0x00000000dd900000)
 ParOldGen       total 204288K, used 81430K [0x0000000081e00000, 0x000000008e580000, 0x00000000d5f80000)
  object space 204288K, 39% used [0x0000000081e00000,0x0000000086d85a50,0x000000008e580000)
 Metaspace       used 28250K, capacity 29251K, committed 29312K, reserved 1075200K
  class space    used 3465K, capacity 3702K, committed 3712K, reserved 1048576K
GC Heap History (10 events):
Event: 2.012 GC heap before
{Heap before GC invocations=3 (full 0):
 PSYoungGen      total 38400K, used 20939K [0x00000000d5f80000, 0x00000000daa80000, 0x0000000100000000)
  eden space 33280K, 47% used [0x00000000d5f80000,0x00000000d6ef5cc8,0x00000000d8000000)
  from space 5120K, 99% used [0x00000000d8500000,0x00000000d89fd0a0,0x00000000d8a00000)
  to   space 5120K, 0% used [0x00000000d8000000,0x00000000d8000000,0x00000000d8500000)
 ParOldGen       total 87552K, used 25270K [0x0000000081e00000, 0x0000000087380000, 0x00000000d5f80000)
  object space 87552K, 28% used [0x0000000081e00000,0x00000000836ad898,0x0000000087380000)
 Metaspace       used 20338K, capacity 21194K, committed 21248K, reserved 1067008K
  class space    used 2832K, capacity 3054K, committed 3072K, reserved 1048576K
Event: 2.018 GC heap after
Heap after GC invocations=3 (full 0):
 PSYoungGen      total 38400K, used 5108K [0x00000000d5f80000, 0x00000000daa80000, 0x0000000100000000)
  eden space 33280K, 0% used [0x00000000d5f80000,0x00000000d5f80000,0x00000000d8000000)
  from space 5120K, 99% used [0x00000000d8000000,0x00000000d84fd3c8,0x00000000d8500000)
  to   space 5120K, 0% used [0x00000000da580000,0x00000000da580000,0x00000000daa80000)
 ParOldGen       total 87552K, used 27433K [0x0000000081e00000, 0x0000000087380000, 0x00000000d5f80000)
  object space 87552K, 31% used [0x0000000081e00000,0x00000000838ca448,0x0000000087380000)
 Metaspace       used 20338K, capacity 21194K, committed 21248K, reserved 1067008K
  class space    used 2832K, capacity 3054K, committed 3072K, reserved 1048576K
}
Event: 2.018 GC heap before
{Heap before GC invocations=4 (full 1):
 PSYoungGen      total 38400K, used 5108K [0x00000000d5f80000, 0x00000000daa80000, 0x0000000100000000)
  eden space 33280K, 0% used [0x00000000d5f80000,0x00000000d5f80000,0x00000000d8000000)
  from space 5120K, 99% used [0x00000000d8000000,0x00000000d84fd3c8,0x00000000d8500000)
  to   space 5120K, 0% used [0x00000000da580000,0x00000000da580000,0x00000000daa80000)
 ParOldGen       total 87552K, used 27433K [0x0000000081e00000, 0x0000000087380000, 0x00000000d5f80000)
  object space 87552K, 31% used [0x0000000081e00000,0x00000000838ca448,0x0000000087380000)
 Metaspace       used 20338K, capacity 21194K, committed 21248K, reserved 1067008K
  class space    used 2832K, capacity 3054K, committed 3072K, reserved 1048576K
Event: 2.077 GC heap after
Heap after GC invocations=4 (full 1):
 PSYoungGen      total 38400K, used 0K [0x00000000d5f80000, 0x00000000daa80000, 0x0000000100000000)
  eden space 33280K, 0% used [0x00000000d5f80000,0x00000000d5f80000,0x00000000d8000000)
  from space 5120K, 0% used [0x00000000d8000000,0x00000000d8000000,0x00000000d8500000)
  to   space 5120K, 0% used [0x00000000da580000,0x00000000da580000,0x00000000daa80000)
 ParOldGen       total 113152K, used 32024K [0x0000000081e00000, 0x0000000088c80000, 0x00000000d5f80000)
  object space 113152K, 28% used [0x0000000081e00000,0x0000000083d460b0,0x0000000088c80000)
 Metaspace       used 20338K, capacity 21194K, committed 21248K, reserved 1067008K
  class space    used 2832K, capacity 3054K, committed 3072K, reserved 1048576K
}
Event: 3.224 GC heap before
{Heap before GC invocations=5 (full 1):
 PSYoungGen      total 38400K, used 28933K [0x00000000d5f80000, 0x00000000daa80000, 0x0000000100000000)
  eden space 33280K, 86% used [0x00000000d5f80000,0x00000000d7bc1478,0x00000000d8000000)
  from space 5120K, 0% used [0x00000000d8000000,0x00000000d8000000,0x00000000d8500000)
  to   space 5120K, 0% used [0x00000000da580000,0x00000000da580000,0x00000000daa80000)
 ParOldGen       total 113152K, used 32024K [0x0000000081e00000, 0x0000000088c80000, 0x00000000d5f80000)
  object space 113152K, 28% used [0x0000000081e00000,0x0000000083d460b0,0x0000000088c80000)
 Metaspace       used 26660K, capacity 27563K, committed 27648K, reserved 1073152K
  class space    used 3370K, capacity 3582K, committed 3584K, reserved 1048576K
Event: 3.231 GC heap after
Heap after GC invocations=5 (full 1):
 PSYoungGen      total 46080K, used 3923K [0x00000000d5f80000, 0x00000000da980000, 0x0000000100000000)
  eden space 41984K, 0% used [0x00000000d5f80000,0x00000000d5f80000,0x00000000d8880000)
  from space 4096K, 95% used [0x00000000da580000,0x00000000da954f10,0x00000000da980000)
  to   space 5120K, 0% used [0x00000000d9f80000,0x00000000d9f80000,0x00000000da480000)
 ParOldGen       total 113152K, used 40132K [0x0000000081e00000, 0x0000000088c80000, 0x00000000d5f80000)
  object space 113152K, 35% used [0x0000000081e00000,0x00000000845310c0,0x0000000088c80000)
 Metaspace       used 26660K, capacity 27563K, committed 27648K, reserved 1073152K
  class space    used 3370K, capacity 3582K, committed 3584K, reserved 1048576K
}
Event: 3.315 GC heap before
{Heap before GC invocations=6 (full 1):
 PSYoungGen      total 46080K, used 45721K [0x00000000d5f80000, 0x00000000da980000, 0x0000000100000000)
  eden space 41984K, 99% used [0x00000000d5f80000,0x00000000d88518a8,0x00000000d8880000)
  from space 4096K, 95% used [0x00000000da580000,0x00000000da954f10,0x00000000da980000)
  to   space 5120K, 0% used [0x00000000d9f80000,0x00000000d9f80000,0x00000000da480000)
 ParOldGen       total 113152K, used 40132K [0x0000000081e00000, 0x0000000088c80000, 0x00000000d5f80000)
  object space 113152K, 35% used [0x0000000081e00000,0x00000000845310c0,0x0000000088c80000)
 Metaspace       used 26712K, capacity 27641K, committed 28032K, reserved 1073152K
  class space    used 3377K, capacity 3585K, committed 3712K, reserved 1048576K
Event: 3.330 GC heap after
Heap after GC invocations=6 (full 1):
 PSYoungGen      total 70656K, used 1698K [0x00000000d5f80000, 0x00000000dd900000, 0x0000000100000000)
  eden space 65536K, 0% used [0x00000000d5f80000,0x00000000d5f80000,0x00000000d9f80000)
  from space 5120K, 33% used [0x00000000d9f80000,0x00000000da128b10,0x00000000da480000)
  to   space 28160K, 0% used [0x00000000dbd80000,0x00000000dbd80000,0x00000000dd900000)
 ParOldGen       total 113152K, used 80640K [0x0000000081e00000, 0x0000000088c80000, 0x00000000d5f80000)
  object space 113152K, 71% used [0x0000000081e00000,0x0000000086cc0110,0x0000000088c80000)
 Metaspace       used 26712K, capacity 27641K, committed 28032K, reserved 1073152K
  class space    used 3377K, capacity 3585K, committed 3712K, reserved 1048576K
}
Event: 3.330 GC heap before
{Heap before GC invocations=7 (full 2):
 PSYoungGen      total 70656K, used 1698K [0x00000000d5f80000, 0x00000000dd900000, 0x0000000100000000)
  eden space 65536K, 0% used [0x00000000d5f80000,0x00000000d5f80000,0x00000000d9f80000)
  from space 5120K, 33% used [0x00000000d9f80000,0x00000000da128b10,0x00000000da480000)
  to   space 28160K, 0% used [0x00000000dbd80000,0x00000000dbd80000,0x00000000dd900000)
 ParOldGen       total 113152K, used 80640K [0x0000000081e00000, 0x0000000088c80000, 0x00000000d5f80000)
  object space 113152K, 71% used [0x0000000081e00000,0x0000000086cc0110,0x0000000088c80000)
 Metaspace       used 26712K, capacity 27641K, committed 28032K, reserved 1073152K
  class space    used 3377K, capacity 3585K, committed 3712K, reserved 1048576K
Event: 3.389 GC heap after
Heap after GC invocations=7 (full 2):
 PSYoungGen      total 70656K, used 0K [0x00000000d5f80000, 0x00000000dd900000, 0x0000000100000000)
  eden space 65536K, 0% used [0x00000000d5f80000,0x00000000d5f80000,0x00000000d9f80000)
  from space 5120K, 0% used [0x00000000d9f80000,0x00000000d9f80000,0x00000000da480000)
  to   space 28160K, 0% used [0x00000000dbd80000,0x00000000dbd80000,0x00000000dd900000)
 ParOldGen       total 204288K, used 81430K [0x0000000081e00000, 0x000000008e580000, 0x00000000d5f80000)
  object space 204288K, 39% used [0x0000000081e00000,0x0000000086d85a50,0x000000008e580000)
 Metaspace       used 26712K, capacity 27641K, committed 28032K, reserved 1073152K
  class space    used 3377K, capacity 3585K, committed 3712K, reserved 1048576K
}

